[debug] [2025-09-03T19:15:13.991Z] ----------------------------------------------------------------------
[debug] [2025-09-03T19:15:13.995Z] Command:       C:\Program Files\nodejs\node.exe C:\Users\luuka\AppData\Roaming\npm\node_modules\firebase-tools\lib\bin\firebase.js deploy --only hosting
[debug] [2025-09-03T19:15:13.996Z] CLI Version:   13.11.2
[debug] [2025-09-03T19:15:13.996Z] Platform:      win32
[debug] [2025-09-03T19:15:13.996Z] Node Version:  v22.9.0
[debug] [2025-09-03T19:15:13.997Z] Time:          Wed Sep 03 2025 21:15:13 GMT+0200 (Central European Summer Time)
[debug] [2025-09-03T19:15:13.997Z] ----------------------------------------------------------------------
[debug] 
[debug] [2025-09-03T19:15:14.002Z] >>> [apiv2][query] GET https://firebase-public.firebaseio.com/cli.json [none]
[debug] [2025-09-03T19:15:14.144Z] > command requires scopes: ["email","openid","https://www.googleapis.com/auth/cloudplatformprojects.readonly","https://www.googleapis.com/auth/firebase","https://www.googleapis.com/auth/cloud-platform"]
[debug] [2025-09-03T19:15:14.145Z] > authorizing via signed-in user (krabbeltje.app@gmail.com)
[debug] [2025-09-03T19:15:14.145Z] [iam] checking project marieke-versleijen for permissions ["firebase.projects.get","firebasehosting.sites.update"]
[debug] [2025-09-03T19:15:14.146Z] > refreshing access token with scopes: []
[debug] [2025-09-03T19:15:14.148Z] >>> [apiv2][query] POST https://www.googleapis.com/oauth2/v3/token [none]
[debug] [2025-09-03T19:15:14.148Z] >>> [apiv2][body] POST https://www.googleapis.com/oauth2/v3/token [omitted]
[debug] [2025-09-03T19:15:14.259Z] <<< [apiv2][status] POST https://www.googleapis.com/oauth2/v3/token 400
[debug] [2025-09-03T19:15:14.259Z] <<< [apiv2][body] POST https://www.googleapis.com/oauth2/v3/token [omitted]
[debug] [2025-09-03T19:15:14.260Z] >>> [apiv2][query] POST https://cloudresourcemanager.googleapis.com/v1/projects/marieke-versleijen:testIamPermissions [none]
[debug] [2025-09-03T19:15:14.260Z] >>> [apiv2][(partial)header] POST https://cloudresourcemanager.googleapis.com/v1/projects/marieke-versleijen:testIamPermissions x-goog-quota-user=projects/marieke-versleijen
[debug] [2025-09-03T19:15:14.260Z] >>> [apiv2][body] POST https://cloudresourcemanager.googleapis.com/v1/projects/marieke-versleijen:testIamPermissions {"permissions":["firebase.projects.get","firebasehosting.sites.update"]}
[debug] [2025-09-03T19:15:14.482Z] <<< [apiv2][status] GET https://firebase-public.firebaseio.com/cli.json 200
[debug] [2025-09-03T19:15:14.482Z] <<< [apiv2][body] GET https://firebase-public.firebaseio.com/cli.json {"cloudBuildErrorAfter":1594252800000,"cloudBuildWarnAfter":1590019200000,"defaultNode10After":1594252800000,"minVersion":"3.0.5","node8DeploysDisabledAfter":1613390400000,"node8RuntimeDisabledAfter":1615809600000,"node8WarnAfter":1600128000000}
[debug] [2025-09-03T19:15:14.924Z] <<< [apiv2][status] POST https://cloudresourcemanager.googleapis.com/v1/projects/marieke-versleijen:testIamPermissions 401
[debug] [2025-09-03T19:15:14.924Z] <<< [apiv2][body] POST https://cloudresourcemanager.googleapis.com/v1/projects/marieke-versleijen:testIamPermissions {"error":{"code":401,"message":"Request had invalid authentication credentials. Expected OAuth 2 access token, login cookie or other valid authentication credential. See https://developers.google.com/identity/sign-in/web/devconsole-project.","status":"UNAUTHENTICATED","details":[{"@type":"type.googleapis.com/google.rpc.ErrorInfo","reason":"ACCESS_TOKEN_TYPE_UNSUPPORTED","metadata":{"service":"cloudresourcemanager.googleapis.com","method":"google.cloudresourcemanager.v1.Projects.TestIamPermissions"}}]}}
[debug] [2025-09-03T19:15:14.927Z] [iam] error while checking permissions, command may fail: FirebaseError: HTTP Error: 401, Request had invalid authentication credentials. Expected OAuth 2 access token, login cookie or other valid authentication credential. See https://developers.google.com/identity/sign-in/web/devconsole-project.
[debug] [2025-09-03T19:15:14.929Z] > refreshing access token with scopes: []
[debug] [2025-09-03T19:15:14.931Z] >>> [apiv2][query] POST https://www.googleapis.com/oauth2/v3/token [none]
[debug] [2025-09-03T19:15:14.931Z] >>> [apiv2][body] POST https://www.googleapis.com/oauth2/v3/token [omitted]
[debug] [2025-09-03T19:15:14.973Z] <<< [apiv2][status] POST https://www.googleapis.com/oauth2/v3/token 400
[debug] [2025-09-03T19:15:14.973Z] <<< [apiv2][body] POST https://www.googleapis.com/oauth2/v3/token [omitted]
[debug] [2025-09-03T19:15:14.975Z] >>> [apiv2][query] GET https://firebase.googleapis.com/v1beta1/projects/marieke-versleijen [none]
[debug] [2025-09-03T19:15:15.178Z] <<< [apiv2][status] GET https://firebase.googleapis.com/v1beta1/projects/marieke-versleijen 401
[debug] [2025-09-03T19:15:15.178Z] <<< [apiv2][body] GET https://firebase.googleapis.com/v1beta1/projects/marieke-versleijen {"error":{"code":401,"message":"Request had invalid authentication credentials. Expected OAuth 2 access token, login cookie or other valid authentication credential. See https://developers.google.com/identity/sign-in/web/devconsole-project.","status":"UNAUTHENTICATED"}}
[debug] [2025-09-03T19:15:15.179Z] HTTP Error: 401, Request had invalid authentication credentials. Expected OAuth 2 access token, login cookie or other valid authentication credential. See https://developers.google.com/identity/sign-in/web/devconsole-project.
[error] 
[error] Error: Assertion failed: resolving hosting target of a site with no site name or target name. This should have caused an error earlier
